

*******************************************************************************
Wed Aug 14 01:02:33 2024


FIT:    data read from "EXTREME_hdf5_plt_cnt_0050_dens.pdf_ln_data" u 1:3
        format = x:z
        #datapoints = 300
        residuals are weighted equally (unit weight)

function used for fitting: f(x,mean,sigma)
	f(x, mean, sigma) = 1/(2*pi*sigma**2) * exp(0.5*(x-mean)**2/sigma**2)
fitted parameters initialized with current variable values

iter      chisq       delta/lim  lambda   mean          sigma        
   0 1.0550465711e+189  0.00e+00  4.73e+95    1.000000e+00   1.000000e+00
   1 9.0146833788e+187 -1.07e+06  4.73e+94    9.998339e-01   1.002794e+00

The maximum lambda = 1.000000e+20 was exceeded. Fit stopped.
final sum of squares of residuals : 9.01468e+187
rel. change during last iteration : -10.7036

degrees of freedom    (FIT_NDF)                        : 298
rms of residuals      (FIT_STDFIT) = sqrt(WSSR/ndf)    : 5.50006e+92
variance of residuals (reduced chisquare) = WSSR/ndf   : 3.02506e+185

Final set of parameters            Asymptotic Standard Error
=======================            ==========================
mean            = 0.999834         +/- 7.868        (787%)
sigma           = 1.00279          +/- 0.4685       (46.72%)

correlation matrix of the fit parameters:
                mean   sigma  
mean            1.000 
sigma           1.000  1.000 


*******************************************************************************
Wed Aug 14 01:04:35 2024


FIT:    data read from "EXTREME_hdf5_plt_cnt_0050_dens.pdf_ln_data" u 1:3
        format = x:z
        #datapoints = 300
        residuals are weighted equally (unit weight)

function used for fitting: f(x,mean,sigma)
	f(x, mean, sigma) = 1/(2*pi*sigma**2) * exp(-0.5*(x-mean)**2/sigma**2)
fitted parameters initialized with current variable values

iter      chisq       delta/lim  lambda   mean          sigma        
   0 1.5559675988e+00   0.00e+00  4.90e-02    9.998339e-01   1.002794e+00
BREAK: w = 0 in Givens();  Cjj = -1.95922e-241,  Cij = -6.23386e-239

*******************************************************************************
Wed Aug 14 01:05:05 2024


FIT:    data read from "EXTREME_hdf5_plt_cnt_0050_dens.pdf_ln_data" u 1:3
        format = x:z
        #datapoints = 300
        residuals are weighted equally (unit weight)

function used for fitting: f(x,mean,sigma)
	f(x, mean, sigma) = 1/(2*pi*sigma**2) * exp(-0.5*(x-mean)**2/sigma**2)
fitted parameters initialized with current variable values

iter      chisq       delta/lim  lambda   mean          sigma        
   0 5.8202164089e-01   0.00e+00  1.15e-01   -6.660289e-01   5.780416e-01
BREAK: w = 0 in Givens();  Cjj = -3.95808e-241,  Cij = -1.24496e-238

*******************************************************************************
Wed Aug 14 01:06:00 2024


FIT:    data read from "EXTREME_hdf5_plt_cnt_0050_dens.pdf_ln_data" u 1:3
        format = x:z
        #datapoints = 300
        residuals are weighted equally (unit weight)

function used for fitting: f(x,mean,sigma)
	f(x,mean,sigma) = 1/(2*pi*sigma**2) * exp(-0.5*(x-mean)**2/sigma**2)
fitted parameters initialized with current variable values

iter      chisq       delta/lim  lambda   mean          sigma        
   0 5.7973183539e-01   0.00e+00  1.15e-01   -6.660289e-01   5.786196e-01
BREAK: w = 0 in Givens();  Cjj = -1.19772e-240,  Cij = -3.7242e-238

*******************************************************************************
Wed Aug 14 01:07:45 2024


FIT:    data read from "EXTREME_hdf5_plt_cnt_0050_dens.pdf_ln_data" u 1:3
        format = x:z
        #datapoints = 300
        residuals are weighted equally (unit weight)

function used for fitting: f(x)
	f(x) = 1/sqrt(2*pi*sigma**2) * exp(-0.5*(x-mean)**2/sigma**2)
fitted parameters initialized with current variable values

iter      chisq       delta/lim  lambda   mean          sigma        
   0 1.3424741972e+00   0.00e+00  1.07e-01   -6.660289e-01   5.791982e-01
BREAK: w = 0 in Givens();  Cjj = -5.25023e-240,  Cij = -1.61389e-237

*******************************************************************************
Thu Aug 22 23:35:01 2024


FIT:    data read from 'EXTREME_hdf5_plt_cnt_0050_dens.pdf_ln_data' using 1:(exp($1)*$3)
        format = x:z
        x range restricted to [-10.0000 : 10.0000]
        #datapoints = 200
        residuals are weighted equally (unit weight)

function used for fitting: f(x)
	f(x) = 1/(sqrt(2*pi)*sigma) * exp(-(x-mean)**2 / (2*sigma**2))
fitted parameters initialized with current variable values

iter      chisq       delta/lim  lambda   sigma         mean         
   0 1.5737012907e-03   0.00e+00  7.64e-02    1.140000e+00   7.100000e-01
   3 1.5565303527e-03  -2.79e-10  7.64e+03    1.142748e+00   7.127291e-01

After 3 iterations the fit converged.
final sum of squares of residuals : 0.00155653
rel. change during last iteration : -2.7862e-15

degrees of freedom    (FIT_NDF)                        : 198
rms of residuals      (FIT_STDFIT) = sqrt(WSSR/ndf)    : 0.00280379
variance of residuals (reduced chisquare) = WSSR/ndf   : 7.86126e-06

Final set of parameters            Asymptotic Standard Error
=======================            ==========================
sigma           = 1.14275          +/- 0.002357     (0.2062%)
mean            = 0.712729         +/- 0.002884     (0.4046%)

correlation matrix of the fit parameters:
                sigma  mean   
sigma           1.000 
mean           -0.000  1.000 


*******************************************************************************
Thu Aug 22 23:36:37 2024


FIT:    data read from 'EXTREME_hdf5_plt_cnt_0050_dens.pdf_ln_data' using 1:(exp($1)*$3)
        format = x:z
        x range restricted to [-10.0000 : 10.0000]
        #datapoints = 200
        residuals are weighted equally (unit weight)

function used for fitting: f(x)
	f(x) = 1/(sqrt(2*pi)*sigma) * exp(-(x-mean)**2 / (2*sigma**2))
fitted parameters initialized with current variable values

iter      chisq       delta/lim  lambda   sigma         mean         
   0 1.5737012907e-03   0.00e+00  7.64e-02    1.140000e+00   7.100000e-01
   3 1.5565303527e-03  -2.79e-10  7.64e+03    1.142748e+00   7.127291e-01

After 3 iterations the fit converged.
final sum of squares of residuals : 0.00155653
rel. change during last iteration : -2.7862e-15

degrees of freedom    (FIT_NDF)                        : 198
rms of residuals      (FIT_STDFIT) = sqrt(WSSR/ndf)    : 0.00280379
variance of residuals (reduced chisquare) = WSSR/ndf   : 7.86126e-06

Final set of parameters            Asymptotic Standard Error
=======================            ==========================
sigma           = 1.14275          +/- 0.002357     (0.2062%)
mean            = 0.712729         +/- 0.002884     (0.4046%)

correlation matrix of the fit parameters:
                sigma  mean   
sigma           1.000 
mean           -0.000  1.000 
