

*******************************************************************************
Thu Aug 22 16:38:29 2024


FIT:    data read from 'EXTREME_hdf5_plt_cnt_0050_dens.pdf_ln_data' using 1:3
        format = x:z
        x range restricted to [-10.0000 : 10.0000]
        #datapoints = 200
        residuals are weighted equally (unit weight)

function used for fitting: f(x)
	f(x) = 1/(sqrt(2*pi)*sigma) * exp(-(x-mean)**2 / (2*sigma**2))
fitted parameters initialized with current variable values

Warning: Initial value of parameter 'mean' is zero.
iter      chisq       delta/lim  lambda   sigma         mean         
   0 5.0676896911e-01   0.00e+00  7.27e-02    1.000000e+00   1.000000e-30
BREAK: Singular matrix in Invert_RtR

*******************************************************************************
Thu Aug 22 16:39:48 2024


FIT:    data read from 'EXTREME_hdf5_plt_cnt_0050_dens.pdf_ln_data' using 1:3
        format = x:z
        x range restricted to [-10.0000 : 10.0000]
        #datapoints = 200
        residuals are weighted equally (unit weight)

function used for fitting: f(x)
	f(x) = 1/(sqrt(2*pi)*sigma) * exp(-(x-mean)**2 / (2*sigma**2))
fitted parameters initialized with current variable values

Warning: Initial value of parameter 'sigma' is zero.
iter      chisq       delta/lim  lambda   sigma         mean         
   0 2.2390036342e+00   0.00e+00  0.00e+00    1.000000e-30   1.000000e+00
BREAK: Singular matrix in Givens()

*******************************************************************************
Thu Aug 22 16:39:57 2024


FIT:    data read from 'EXTREME_hdf5_plt_cnt_0050_dens.pdf_ln_data' using 1:3
        format = x:z
        x range restricted to [-10.0000 : 10.0000]
        #datapoints = 200
        residuals are weighted equally (unit weight)

function used for fitting: f(x)
	f(x) = 1/(sqrt(2*pi)*sigma) * exp(-(x-mean)**2 / (2*sigma**2))
fitted parameters initialized with current variable values

iter      chisq       delta/lim  lambda   sigma         mean         
   0 2.2245364752e+00   0.00e+00  9.38e-02    1.000000e+00   1.000000e+00
   6 3.8948500371e-03  -1.32e-03  9.38e-08    1.253395e+00  -6.744545e-01

After 6 iterations the fit converged.
final sum of squares of residuals : 0.00389485
rel. change during last iteration : -1.3218e-08

degrees of freedom    (FIT_NDF)                        : 198
rms of residuals      (FIT_STDFIT) = sqrt(WSSR/ndf)    : 0.0044352
variance of residuals (reduced chisquare) = WSSR/ndf   : 1.9671e-05

Final set of parameters            Asymptotic Standard Error
=======================            ==========================
sigma           = 1.2534           +/- 0.004282     (0.3416%)
mean            = -0.674454        +/- 0.00524      (0.777%)

correlation matrix of the fit parameters:
                sigma  mean   
sigma           1.000 
mean            0.000  1.000 


*******************************************************************************
Thu Aug 22 16:40:33 2024


FIT:    data read from 'EXTREME_hdf5_plt_cnt_0050_dens.pdf_ln_data' using 1:3
        format = x:z
        x range restricted to [-10.0000 : 10.0000]
        #datapoints = 200
        residuals are weighted equally (unit weight)

function used for fitting: f(x)
	f(x) = 1/(sqrt(2*pi)*sigma) * exp(-(x-mean)**2 / (2*sigma**2))
fitted parameters initialized with current variable values

iter      chisq       delta/lim  lambda   sigma         mean         
   0 2.2245364752e+00   0.00e+00  9.38e-02    1.000000e+00   1.000000e+00
   6 3.8948500371e-03  -1.32e-03  9.38e-08    1.253395e+00  -6.744545e-01

After 6 iterations the fit converged.
final sum of squares of residuals : 0.00389485
rel. change during last iteration : -1.3218e-08

degrees of freedom    (FIT_NDF)                        : 198
rms of residuals      (FIT_STDFIT) = sqrt(WSSR/ndf)    : 0.0044352
variance of residuals (reduced chisquare) = WSSR/ndf   : 1.9671e-05

Final set of parameters            Asymptotic Standard Error
=======================            ==========================
sigma           = 1.2534           +/- 0.004282     (0.3416%)
mean            = -0.674454        +/- 0.00524      (0.777%)

correlation matrix of the fit parameters:
                sigma  mean   
sigma           1.000 
mean            0.000  1.000 


*******************************************************************************
Thu Aug 22 16:56:44 2024


FIT:    data read from 'EXTREME_hdf5_plt_cnt_0050_dens.pdf_ln_data' using 1:3
        format = x:z
        x range restricted to [-10.0000 : 10.0000]
        #datapoints = 200
        residuals are weighted equally (unit weight)

function used for fitting: f(x)
	f(x) = 1/(sqrt(2*pi)*sigma) * exp(-(x-mean)**2 / (2*sigma**2))
fitted parameters initialized with current variable values

iter      chisq       delta/lim  lambda   sigma         mean         
   0 2.2245364752e+00   0.00e+00  9.38e-02    1.000000e+00   1.000000e+00
   6 3.8948500371e-03  -1.32e-03  9.38e-08    1.253395e+00  -6.744545e-01

After 6 iterations the fit converged.
final sum of squares of residuals : 0.00389485
rel. change during last iteration : -1.3218e-08

degrees of freedom    (FIT_NDF)                        : 198
rms of residuals      (FIT_STDFIT) = sqrt(WSSR/ndf)    : 0.0044352
variance of residuals (reduced chisquare) = WSSR/ndf   : 1.9671e-05

Final set of parameters            Asymptotic Standard Error
=======================            ==========================
sigma           = 1.2534           +/- 0.004282     (0.3416%)
mean            = -0.674454        +/- 0.00524      (0.777%)

correlation matrix of the fit parameters:
                sigma  mean   
sigma           1.000 
mean            0.000  1.000 


*******************************************************************************
Thu Aug 22 16:58:07 2024


FIT:    data read from 'EXTREME_hdf5_plt_cnt_0050_dens.pdf_ln_data' using 1:3
        format = x:z
        x range restricted to [-10.0000 : 10.0000]
        #datapoints = 200
        residuals are weighted equally (unit weight)

function used for fitting: f(x)
	f(x) = 1/(sqrt(2*pi)*sigma) * exp(-(x-mean)**2 / (2*sigma**2))
fitted parameters initialized with current variable values

iter      chisq       delta/lim  lambda   sigma         mean         
   0 2.2245364752e+00   0.00e+00  9.38e-02    1.000000e+00   1.000000e+00
   6 3.8948500371e-03  -1.32e-03  9.38e-08    1.253395e+00  -6.744545e-01

After 6 iterations the fit converged.
final sum of squares of residuals : 0.00389485
rel. change during last iteration : -1.3218e-08

degrees of freedom    (FIT_NDF)                        : 198
rms of residuals      (FIT_STDFIT) = sqrt(WSSR/ndf)    : 0.0044352
variance of residuals (reduced chisquare) = WSSR/ndf   : 1.9671e-05

Final set of parameters            Asymptotic Standard Error
=======================            ==========================
sigma           = 1.2534           +/- 0.004282     (0.3416%)
mean            = -0.674454        +/- 0.00524      (0.777%)

correlation matrix of the fit parameters:
                sigma  mean   
sigma           1.000 
mean            0.000  1.000 


*******************************************************************************
Thu Aug 22 17:02:35 2024


FIT:    data read from 'EXTREME_hdf5_plt_cnt_0050_dens.pdf_ln_data' using 1:3
        format = x:z
        #datapoints = 300
        residuals are weighted equally (unit weight)

function used for fitting: f(x)
	f(x) = 1/(sqrt(2*pi)*sigma) * exp(-(x-mean)**2 / (2*sigma**2))
fitted parameters initialized with current variable values

iter      chisq       delta/lim  lambda   sigma         mean         
   0 2.2245364752e+00   0.00e+00  7.66e-02    1.000000e+00   1.000000e+00
   6 3.8948499843e-03  -2.46e-04  7.66e-02    1.253391e+00  -6.744573e-01

After 6 iterations the fit converged.
final sum of squares of residuals : 0.00389485
rel. change during last iteration : -2.45923e-09

degrees of freedom    (FIT_NDF)                        : 298
rms of residuals      (FIT_STDFIT) = sqrt(WSSR/ndf)    : 0.00361524
variance of residuals (reduced chisquare) = WSSR/ndf   : 1.307e-05

Final set of parameters            Asymptotic Standard Error
=======================            ==========================
sigma           = 1.25339          +/- 0.00349      (0.2785%)
mean            = -0.674457        +/- 0.004272     (0.6333%)

correlation matrix of the fit parameters:
                sigma  mean   
sigma           1.000 
mean            0.000  1.000 


*******************************************************************************
Thu Aug 22 17:04:49 2024


FIT:    data read from 'EXTREME_hdf5_plt_cnt_0050_dens.pdf_ln_data' using 1:3
        format = x:z
        #datapoints = 300
        residuals are weighted equally (unit weight)

function used for fitting: f(x)
	f(x) = 1/(sqrt(2*pi)*sigma) * exp(-(x-mean)**2 / (2*sigma**2))
fitted parameters initialized with current variable values

iter      chisq       delta/lim  lambda   sigma         mean         
   0 2.2245364752e+00   0.00e+00  7.66e-02    1.000000e+00   1.000000e+00
   6 3.8948499843e-03  -2.46e-04  7.66e-02    1.253391e+00  -6.744573e-01

After 6 iterations the fit converged.
final sum of squares of residuals : 0.00389485
rel. change during last iteration : -2.45923e-09

degrees of freedom    (FIT_NDF)                        : 298
rms of residuals      (FIT_STDFIT) = sqrt(WSSR/ndf)    : 0.00361524
variance of residuals (reduced chisquare) = WSSR/ndf   : 1.307e-05

Final set of parameters            Asymptotic Standard Error
=======================            ==========================
sigma           = 1.25339          +/- 0.00349      (0.2785%)
mean            = -0.674457        +/- 0.004272     (0.6333%)

correlation matrix of the fit parameters:
                sigma  mean   
sigma           1.000 
mean            0.000  1.000 


*******************************************************************************
Thu Aug 22 17:09:23 2024


FIT:    data read from 'EXTREME_hdf5_plt_cnt_0050_dens.pdf_ln_data' using 1:3
        format = x:z
        #datapoints = 300
        residuals are weighted equally (unit weight)

function used for fitting: f(x)
	f(x) = 1/(sqrt(2*pi)*sigma) * exp(-(x-mean)**2 / (2*sigma**2))
fitted parameters initialized with current variable values

iter      chisq       delta/lim  lambda   sigma         mean         
   0 2.2245364752e+00   0.00e+00  7.66e-02    1.000000e+00   1.000000e+00
   6 3.8948499843e-03  -2.46e-04  7.66e-02    1.253391e+00  -6.744573e-01

After 6 iterations the fit converged.
final sum of squares of residuals : 0.00389485
rel. change during last iteration : -2.45923e-09

degrees of freedom    (FIT_NDF)                        : 298
rms of residuals      (FIT_STDFIT) = sqrt(WSSR/ndf)    : 0.00361524
variance of residuals (reduced chisquare) = WSSR/ndf   : 1.307e-05

Final set of parameters            Asymptotic Standard Error
=======================            ==========================
sigma           = 1.25339          +/- 0.00349      (0.2785%)
mean            = -0.674457        +/- 0.004272     (0.6333%)

correlation matrix of the fit parameters:
                sigma  mean   
sigma           1.000 
mean            0.000  1.000 


*******************************************************************************
Thu Aug 22 17:09:45 2024


FIT:    data read from 'EXTREME_hdf5_plt_cnt_0050_dens.pdf_ln_data' using 1:3
        format = x:z
        #datapoints = 300
        residuals are weighted equally (unit weight)

function used for fitting: f(x)
	f(x) = 1/(sqrt(2*pi)*sigma) * exp(-(x-mean)**2 / (2*sigma**2))
fitted parameters initialized with current variable values

iter      chisq       delta/lim  lambda   sigma         mean         
   0 2.2245364752e+00   0.00e+00  7.66e-02    1.000000e+00   1.000000e+00
   6 3.8948499843e-03  -2.46e-04  7.66e-02    1.253391e+00  -6.744573e-01

After 6 iterations the fit converged.
final sum of squares of residuals : 0.00389485
rel. change during last iteration : -2.45923e-09

degrees of freedom    (FIT_NDF)                        : 298
rms of residuals      (FIT_STDFIT) = sqrt(WSSR/ndf)    : 0.00361524
variance of residuals (reduced chisquare) = WSSR/ndf   : 1.307e-05

Final set of parameters            Asymptotic Standard Error
=======================            ==========================
sigma           = 1.25339          +/- 0.00349      (0.2785%)
mean            = -0.674457        +/- 0.004272     (0.6333%)

correlation matrix of the fit parameters:
                sigma  mean   
sigma           1.000 
mean            0.000  1.000 


*******************************************************************************
Thu Aug 22 17:10:44 2024


FIT:    data read from 'EXTREME_hdf5_plt_cnt_0050_dens.pdf_ln_data' using 1:3
        format = x:z
        #datapoints = 300
        residuals are weighted equally (unit weight)

function used for fitting: f(x)
	f(x) = 1/(sqrt(2*pi)*sigma) * exp(-(x-mean)**2 / (2*sigma**2))
fitted parameters initialized with current variable values

iter      chisq       delta/lim  lambda   sigma         mean         
   0 2.2245364752e+00   0.00e+00  7.66e-02    1.000000e+00   1.000000e+00
   6 3.8948499843e-03  -2.46e-04  7.66e-02    1.253391e+00  -6.744573e-01

After 6 iterations the fit converged.
final sum of squares of residuals : 0.00389485
rel. change during last iteration : -2.45923e-09

degrees of freedom    (FIT_NDF)                        : 298
rms of residuals      (FIT_STDFIT) = sqrt(WSSR/ndf)    : 0.00361524
variance of residuals (reduced chisquare) = WSSR/ndf   : 1.307e-05

Final set of parameters            Asymptotic Standard Error
=======================            ==========================
sigma           = 1.25339          +/- 0.00349      (0.2785%)
mean            = -0.674457        +/- 0.004272     (0.6333%)

correlation matrix of the fit parameters:
                sigma  mean   
sigma           1.000 
mean            0.000  1.000 


*******************************************************************************
Thu Aug 22 17:11:45 2024


FIT:    data read from 'EXTREME_hdf5_plt_cnt_0050_dens.pdf_ln_data' using 1:3
        format = x:z
        #datapoints = 300
        residuals are weighted equally (unit weight)

function used for fitting: f(x)
	f(x) = 1/(sqrt(2*pi)*sigma) * exp(-(x-mean)**2 / (2*sigma**2))
fitted parameters initialized with current variable values

iter      chisq       delta/lim  lambda   sigma         mean         
   0 2.2245364752e+00   0.00e+00  7.66e-02    1.000000e+00   1.000000e+00
   6 3.8948499843e-03  -2.46e-04  7.66e-02    1.253391e+00  -6.744573e-01

After 6 iterations the fit converged.
final sum of squares of residuals : 0.00389485
rel. change during last iteration : -2.45923e-09

degrees of freedom    (FIT_NDF)                        : 298
rms of residuals      (FIT_STDFIT) = sqrt(WSSR/ndf)    : 0.00361524
variance of residuals (reduced chisquare) = WSSR/ndf   : 1.307e-05

Final set of parameters            Asymptotic Standard Error
=======================            ==========================
sigma           = 1.25339          +/- 0.00349      (0.2785%)
mean            = -0.674457        +/- 0.004272     (0.6333%)

correlation matrix of the fit parameters:
                sigma  mean   
sigma           1.000 
mean            0.000  1.000 


*******************************************************************************
Thu Aug 22 17:31:27 2024


FIT:    data read from 'EXTREME_hdf5_plt_cnt_0050_dens.pdf_ln_data' using 1:3
        format = x:z
        #datapoints = 300
        residuals are weighted equally (unit weight)

function used for fitting: f(x)
	f(x) = 1/(sqrt(2*pi)*sigma) * exp(-(x-mean)**2 / (2*sigma**2))
fitted parameters initialized with current variable values

iter      chisq       delta/lim  lambda   sigma         mean         
   0 2.2245364752e+00   0.00e+00  7.66e-02    1.000000e+00   1.000000e+00
   6 3.8948499843e-03  -2.46e-04  7.66e-02    1.253391e+00  -6.744573e-01

After 6 iterations the fit converged.
final sum of squares of residuals : 0.00389485
rel. change during last iteration : -2.45923e-09

degrees of freedom    (FIT_NDF)                        : 298
rms of residuals      (FIT_STDFIT) = sqrt(WSSR/ndf)    : 0.00361524
variance of residuals (reduced chisquare) = WSSR/ndf   : 1.307e-05

Final set of parameters            Asymptotic Standard Error
=======================            ==========================
sigma           = 1.25339          +/- 0.00349      (0.2785%)
mean            = -0.674457        +/- 0.004272     (0.6333%)

correlation matrix of the fit parameters:
                sigma  mean   
sigma           1.000 
mean            0.000  1.000 


*******************************************************************************
Thu Aug 22 17:32:07 2024


FIT:    data read from 'EXTREME_hdf5_plt_cnt_0050_dens.pdf_ln_data' using 1:3
        format = x:z
        #datapoints = 300
        residuals are weighted equally (unit weight)

function used for fitting: f(x)
	f(x) = 1/(sqrt(2*pi)*sigma) * exp(-(x-mean)**2 / (2*sigma**2))
fitted parameters initialized with current variable values

iter      chisq       delta/lim  lambda   sigma         mean         
   0 2.2245364752e+00   0.00e+00  7.66e-02    1.000000e+00   1.000000e+00
   6 3.8948499843e-03  -2.46e-04  7.66e-02    1.253391e+00  -6.744573e-01

After 6 iterations the fit converged.
final sum of squares of residuals : 0.00389485
rel. change during last iteration : -2.45923e-09

degrees of freedom    (FIT_NDF)                        : 298
rms of residuals      (FIT_STDFIT) = sqrt(WSSR/ndf)    : 0.00361524
variance of residuals (reduced chisquare) = WSSR/ndf   : 1.307e-05

Final set of parameters            Asymptotic Standard Error
=======================            ==========================
sigma           = 1.25339          +/- 0.00349      (0.2785%)
mean            = -0.674457        +/- 0.004272     (0.6333%)

correlation matrix of the fit parameters:
                sigma  mean   
sigma           1.000 
mean            0.000  1.000 


*******************************************************************************
Thu Aug 22 17:32:55 2024


FIT:    data read from 'EXTREME_hdf5_plt_cnt_0050_dens.pdf_ln_data' using 1:3
        format = x:z
        #datapoints = 300
        residuals are weighted equally (unit weight)

function used for fitting: f(x)
	f(x) = 1/(sqrt(2*pi)*sigma) * exp(-(x-mean)**2 / (2*sigma**2))
fitted parameters initialized with current variable values

iter      chisq       delta/lim  lambda   sigma         mean         
   0 2.2245364752e+00   0.00e+00  7.66e-02    1.000000e+00   1.000000e+00
   6 3.8948499843e-03  -2.46e-04  7.66e-02    1.253391e+00  -6.744573e-01

After 6 iterations the fit converged.
final sum of squares of residuals : 0.00389485
rel. change during last iteration : -2.45923e-09

degrees of freedom    (FIT_NDF)                        : 298
rms of residuals      (FIT_STDFIT) = sqrt(WSSR/ndf)    : 0.00361524
variance of residuals (reduced chisquare) = WSSR/ndf   : 1.307e-05

Final set of parameters            Asymptotic Standard Error
=======================            ==========================
sigma           = 1.25339          +/- 0.00349      (0.2785%)
mean            = -0.674457        +/- 0.004272     (0.6333%)

correlation matrix of the fit parameters:
                sigma  mean   
sigma           1.000 
mean            0.000  1.000 


*******************************************************************************
Thu Aug 22 17:34:13 2024


FIT:    data read from 'EXTREME_hdf5_plt_cnt_0050_dens.pdf_ln_data' using 1:3
        format = x:z
        #datapoints = 300
        residuals are weighted equally (unit weight)

function used for fitting: f(x)
	f(x) = 1/(sqrt(2*pi)*sigma) * exp(-(x-mean)**2 / (2*sigma**2))
fitted parameters initialized with current variable values

iter      chisq       delta/lim  lambda   sigma         mean         
   0 2.2245364752e+00   0.00e+00  7.66e-02    1.000000e+00   1.000000e+00
   6 3.8948499843e-03  -2.46e-04  7.66e-02    1.253391e+00  -6.744573e-01

After 6 iterations the fit converged.
final sum of squares of residuals : 0.00389485
rel. change during last iteration : -2.45923e-09

degrees of freedom    (FIT_NDF)                        : 298
rms of residuals      (FIT_STDFIT) = sqrt(WSSR/ndf)    : 0.00361524
variance of residuals (reduced chisquare) = WSSR/ndf   : 1.307e-05

Final set of parameters            Asymptotic Standard Error
=======================            ==========================
sigma           = 1.25339          +/- 0.00349      (0.2785%)
mean            = -0.674457        +/- 0.004272     (0.6333%)

correlation matrix of the fit parameters:
                sigma  mean   
sigma           1.000 
mean            0.000  1.000 


*******************************************************************************
Thu Aug 22 17:44:23 2024


FIT:    data read from 'EXTREME_hdf5_plt_cnt_0050_dens.pdf_ln_data' using 1:3
        format = x:z
        #datapoints = 300
        residuals are weighted equally (unit weight)

function used for fitting: f(x)
	f(x) = 1/(sqrt(2*pi)*sigma) * exp(-(x-mean)**2 / (2*sigma**2))
fitted parameters initialized with current variable values

iter      chisq       delta/lim  lambda   sigma         mean         
   0 2.2245364752e+00   0.00e+00  7.66e-02    1.000000e+00   1.000000e+00
   6 3.8948499843e-03  -2.46e-04  7.66e-02    1.253391e+00  -6.744573e-01

After 6 iterations the fit converged.
final sum of squares of residuals : 0.00389485
rel. change during last iteration : -2.45923e-09

degrees of freedom    (FIT_NDF)                        : 298
rms of residuals      (FIT_STDFIT) = sqrt(WSSR/ndf)    : 0.00361524
variance of residuals (reduced chisquare) = WSSR/ndf   : 1.307e-05

Final set of parameters            Asymptotic Standard Error
=======================            ==========================
sigma           = 1.25339          +/- 0.00349      (0.2785%)
mean            = -0.674457        +/- 0.004272     (0.6333%)

correlation matrix of the fit parameters:
                sigma  mean   
sigma           1.000 
mean            0.000  1.000 


*******************************************************************************
Thu Aug 22 17:47:07 2024


FIT:    data read from 'EXTREME_hdf5_plt_cnt_0050_dens.pdf_ln_data' using 1:3
        format = x:z
        #datapoints = 300
        residuals are weighted equally (unit weight)

function used for fitting: f(x)
	f(x) = 1/(sqrt(2*pi)*sigma) * exp(-(x-mean)**2 / (2*sigma**2))
fitted parameters initialized with current variable values

iter      chisq       delta/lim  lambda   sigma         mean         
   0 2.2245364752e+00   0.00e+00  7.66e-02    1.000000e+00   1.000000e+00
   6 3.8948499843e-03  -2.46e-04  7.66e-02    1.253391e+00  -6.744573e-01

After 6 iterations the fit converged.
final sum of squares of residuals : 0.00389485
rel. change during last iteration : -2.45923e-09

degrees of freedom    (FIT_NDF)                        : 298
rms of residuals      (FIT_STDFIT) = sqrt(WSSR/ndf)    : 0.00361524
variance of residuals (reduced chisquare) = WSSR/ndf   : 1.307e-05

Final set of parameters            Asymptotic Standard Error
=======================            ==========================
sigma           = 1.25339          +/- 0.00349      (0.2785%)
mean            = -0.674457        +/- 0.004272     (0.6333%)

correlation matrix of the fit parameters:
                sigma  mean   
sigma           1.000 
mean            0.000  1.000 


*******************************************************************************
Thu Aug 22 17:48:09 2024


FIT:    data read from 'EXTREME_hdf5_plt_cnt_0050_dens.pdf_ln_data' using 1:3
        format = x:z
        #datapoints = 300
        residuals are weighted equally (unit weight)

function used for fitting: f(x)
	f(x) = 1/(sqrt(2*pi)*sigma) * exp(-(x-mean)**2 / (2*sigma**2))
fitted parameters initialized with current variable values

iter      chisq       delta/lim  lambda   sigma         mean         
   0 2.2245364752e+00   0.00e+00  7.66e-02    1.000000e+00   1.000000e+00
   6 3.8948499843e-03  -2.46e-04  7.66e-02    1.253391e+00  -6.744573e-01

After 6 iterations the fit converged.
final sum of squares of residuals : 0.00389485
rel. change during last iteration : -2.45923e-09

degrees of freedom    (FIT_NDF)                        : 298
rms of residuals      (FIT_STDFIT) = sqrt(WSSR/ndf)    : 0.00361524
variance of residuals (reduced chisquare) = WSSR/ndf   : 1.307e-05

Final set of parameters            Asymptotic Standard Error
=======================            ==========================
sigma           = 1.25339          +/- 0.00349      (0.2785%)
mean            = -0.674457        +/- 0.004272     (0.6333%)

correlation matrix of the fit parameters:
                sigma  mean   
sigma           1.000 
mean            0.000  1.000 


*******************************************************************************
Thu Aug 22 17:48:45 2024


FIT:    data read from 'EXTREME_hdf5_plt_cnt_0050_dens.pdf_ln_data' using 1:3
        format = x:z
        #datapoints = 300
        residuals are weighted equally (unit weight)

function used for fitting: f(x)
	f(x) = 1/(sqrt(2*pi)*sigma) * exp(-(x-mean)**2 / (2*sigma**2))
fitted parameters initialized with current variable values

iter      chisq       delta/lim  lambda   sigma         mean         
   0 2.2245364752e+00   0.00e+00  7.66e-02    1.000000e+00   1.000000e+00
   6 3.8948499843e-03  -2.46e-04  7.66e-02    1.253391e+00  -6.744573e-01

After 6 iterations the fit converged.
final sum of squares of residuals : 0.00389485
rel. change during last iteration : -2.45923e-09

degrees of freedom    (FIT_NDF)                        : 298
rms of residuals      (FIT_STDFIT) = sqrt(WSSR/ndf)    : 0.00361524
variance of residuals (reduced chisquare) = WSSR/ndf   : 1.307e-05

Final set of parameters            Asymptotic Standard Error
=======================            ==========================
sigma           = 1.25339          +/- 0.00349      (0.2785%)
mean            = -0.674457        +/- 0.004272     (0.6333%)

correlation matrix of the fit parameters:
                sigma  mean   
sigma           1.000 
mean            0.000  1.000 


*******************************************************************************
Thu Aug 22 17:49:07 2024


FIT:    data read from 'EXTREME_hdf5_plt_cnt_0050_dens.pdf_ln_data' using 1:3
        format = x:z
        #datapoints = 300
        residuals are weighted equally (unit weight)

function used for fitting: f(x)
	f(x) = 1/(sqrt(2*pi)*sigma) * exp(-(x-mean)**2 / (2*sigma**2))
fitted parameters initialized with current variable values

iter      chisq       delta/lim  lambda   sigma         mean         
   0 2.2245364752e+00   0.00e+00  7.66e-02    1.000000e+00   1.000000e+00
   6 3.8948499843e-03  -2.46e-04  7.66e-02    1.253391e+00  -6.744573e-01

After 6 iterations the fit converged.
final sum of squares of residuals : 0.00389485
rel. change during last iteration : -2.45923e-09

degrees of freedom    (FIT_NDF)                        : 298
rms of residuals      (FIT_STDFIT) = sqrt(WSSR/ndf)    : 0.00361524
variance of residuals (reduced chisquare) = WSSR/ndf   : 1.307e-05

Final set of parameters            Asymptotic Standard Error
=======================            ==========================
sigma           = 1.25339          +/- 0.00349      (0.2785%)
mean            = -0.674457        +/- 0.004272     (0.6333%)

correlation matrix of the fit parameters:
                sigma  mean   
sigma           1.000 
mean            0.000  1.000 


*******************************************************************************
Thu Aug 22 23:17:29 2024


FIT:    data read from 'EXTREME_hdf5_plt_cnt_0050_dens.pdf_ln_data' using 1:3
        format = x:z
        #datapoints = 300
        residuals are weighted equally (unit weight)

function used for fitting: f(x)
	f(x) = 1/(sqrt(2*pi)*sigma) * exp(-(x-mean)**2 / (2*sigma**2))
fitted parameters initialized with current variable values

iter      chisq       delta/lim  lambda   sigma         mean         
   0 2.2245364752e+00   0.00e+00  7.66e-02    1.000000e+00   1.000000e+00
   6 3.8948499843e-03  -2.46e-04  7.66e-02    1.253391e+00  -6.744573e-01

After 6 iterations the fit converged.
final sum of squares of residuals : 0.00389485
rel. change during last iteration : -2.45923e-09

degrees of freedom    (FIT_NDF)                        : 298
rms of residuals      (FIT_STDFIT) = sqrt(WSSR/ndf)    : 0.00361524
variance of residuals (reduced chisquare) = WSSR/ndf   : 1.307e-05

Final set of parameters            Asymptotic Standard Error
=======================            ==========================
sigma           = 1.25339          +/- 0.00349      (0.2785%)
mean            = -0.674457        +/- 0.004272     (0.6333%)

correlation matrix of the fit parameters:
                sigma  mean   
sigma           1.000 
mean            0.000  1.000 
